<?xml version="1.0" encoding="UTF-8"?>
<!-- Generated by org.testng.reporters.JUnitReportReporter -->
<testsuite hostname="Shogan-PC" failures="0" tests="1" name="org.testngProject.AdactinMain" time="0.012" errors="0" timestamp="2025-08-09T11:48:05 IST" skipped="0">
  <testcase classname="org.testngProject.AdactinMain" name="test" time="0.012"/>
</testsuite> <!-- org.testngProject.AdactinMain -->
